<?xml version="1.0" encoding="UTF-8"?>
<!-- Generated by org.testng.reporters.JUnitXMLReporter -->
<testsuite ignored="0" hostname="VSP-FN6SN73" failures="0" tests="20" name="AllTests" time="152.258" errors="0" timestamp="2023-07-23T20:25:22 IST">
  <testcase classname="actualTests.Search" name="user_opens_the_application" time="0.005"/>
  <testcase classname="actualTests.Search" name="user_enters_valid_product_into_search_box_field" time="0.319"/>
  <testcase classname="actualTests.Search" name="user_clicks_on_search_button" time="0.793"/>
  <testcase classname="actualTests.Search" name="user_should_get_valid_product_displayed_in_search_results" time="0.258"/>
  <testcase classname="actualTests.Register" name="user_navigates_to_register_account_page" time="1.65"/>
  <testcase classname="actualTests.Register" name="user_enters_the_details_into_below_fields" time="1.209"/>
  <testcase classname="actualTests.Register" name="user_clicks_on_continue_button" time="1.057"/>
  <testcase classname="actualTests.Register" name="user_account_should_get_created_successfully" time="3.318"/>
  <testcase classname="actualTests.Register" name="user_clicks_on_account_logout" time="0.924"/>
  <testcase classname="actualTests.Login" name="user_navigates_to_login_page" time="0.667"/>
  <testcase classname="actualTests.Login" name="user_successfull_login" time="1.561"/>
  <testcase classname="actualTests.Login" name="user_should_get_successfully_logged_in" time="10.225"/>
  <testcase classname="actualTests.Login" name="user_clicks_on_account_logout" time="14.487"/>
  <testcase classname="actualTests.ForgottenPassword" name="user_opens_the_application" time="0.002"/>
  <testcase classname="actualTests.ForgottenPassword" name="user_clicks_on_login_button_from_myaccount" time="0.794"/>
  <testcase classname="actualTests.ForgottenPassword" name="user_clicks_on_forgotten_password_link" time="2.004"/>
  <testcase classname="actualTests.PlaceOrderAsGuest" name="user_opens_the_application" time="0.001"/>
  <testcase classname="actualTests.PlaceOrderAsGuest" name="user_proceeding_for_checkout_product_as_guest" time="23.394"/>
  <testcase classname="actualTests.PlaceOrderAsRegisteredUser" name="user_opens_the_application" time="0.002"/>
  <testcase classname="actualTests.PlaceOrderAsRegisteredUser" name="user_proceeding_for_checkout_product_as_registered_user" time="19.832"/>
</testsuite> <!-- AllTests -->
