<?xml version="1.0" encoding="UTF-8"?>
<!-- Generated by org.testng.reporters.JUnitXMLReporter -->
<testsuite ignored="0" hostname="VSP-FN6SN73" failures="0" tests="4" name="Default test" time="13.434" errors="0" timestamp="2023-07-23T20:21:15 IST">
  <testcase classname="actualTests.Search" name="user_opens_the_application" time="0.004"/>
  <testcase classname="actualTests.Search" name="user_enters_valid_product_into_search_box_field" time="0.309"/>
  <testcase classname="actualTests.Search" name="user_clicks_on_search_button" time="0.831"/>
  <testcase classname="actualTests.Search" name="user_should_get_valid_product_displayed_in_search_results" time="0.25"/>
</testsuite> <!-- Default test -->
