<?xml version="1.0" encoding="UTF-8"?>
<!-- Generated by org.testng.reporters.JUnitXMLReporter -->
<testsuite ignored="0" hostname="VSP-FN6SN73" failures="0" tests="20" name="Test" time="145.42" errors="0" timestamp="2023-07-23T22:23:21 IST">
  <testcase classname="actualTests.ProductSearch" name="user_opens_the_application" time="0.006"/>
  <testcase classname="actualTests.ProductSearch" name="user_enters_valid_product_into_search_box_field" time="0.269"/>
  <testcase classname="actualTests.ProductSearch" name="user_clicks_on_search_button" time="0.818"/>
  <testcase classname="actualTests.ProductSearch" name="user_should_get_valid_product_displayed_in_search_results" time="0.254"/>
  <testcase classname="actualTests.RegisterUser" name="user_navigates_to_register_account_page" time="1.487"/>
  <testcase classname="actualTests.RegisterUser" name="user_enters_the_details_to_register" time="1.212"/>
  <testcase classname="actualTests.RegisterUser" name="user_clicks_on_continue_button" time="1.097"/>
  <testcase classname="actualTests.RegisterUser" name="user_account_should_get_created_successfully" time="3.306"/>
  <testcase classname="actualTests.RegisterUser" name="user_clicks_on_account_logout" time="0.878"/>
  <testcase classname="actualTests.LoginLogout" name="user_navigates_to_login_page" time="0.677"/>
  <testcase classname="actualTests.LoginLogout" name="user_successfull_login" time="1.529"/>
  <testcase classname="actualTests.LoginLogout" name="user_successfully_logged_in" time="10.245"/>
  <testcase classname="actualTests.LoginLogout" name="user_clicks_on_account_logout" time="14.576"/>
  <testcase classname="actualTests.ForgottenPassword" name="user_opens_the_application" time="0.002"/>
  <testcase classname="actualTests.ForgottenPassword" name="user_clicks_on_login_button_from_myaccount" time="0.714"/>
  <testcase classname="actualTests.ForgottenPassword" name="verify_forgotten_password_functionality" time="1.934"/>
  <testcase classname="actualTests.PlaceOrderAsGuest" name="user_opens_the_application" time="0.001"/>
  <testcase classname="actualTests.PlaceOrderAsGuest" name="user_proceeding_for_checkout_product_as_guest" time="22.646"/>
  <testcase classname="actualTests.PlaceOrderAsRegisteredUser" name="user_opens_the_application" time="0.004"/>
  <testcase classname="actualTests.PlaceOrderAsRegisteredUser" name="user_proceeding_for_checkout_product_as_registered_user" time="19.512"/>
</testsuite> <!-- Test -->
